[2026-04-07 13:06:04.588] AIDevOps extension v2026.327.1727 activated
[2026-04-07 13:06:04.590] Discovered 0 AIDevOps server(s): (none)
[2026-04-07 13:06:04.590] Server instructions loaded for 0 server(s)
[2026-04-07 13:06:04.591] NuGet sources: msazure.pkgs.visualstudio.com/One/_packaging/AIDevOps/nuget/v3/index.json
[2026-04-07 13:06:04.591] Feed watcher started (30 min interval, 1 source(s))
[2026-04-07 13:06:04.592] Graph orchestration engine initialized (lazy — graphs compiled on first use)
[2026-04-07 13:06:51.422] ensureToolDependencies: starting — resolver=yes, 3 total dependencies, 1 deferred
[2026-04-07 13:06:51.426] checkToolDependencies: 102 tools available, resolver=yes, checking 3 dependencies
[2026-04-07 13:06:51.426] isToolAvailable: renderMermaidDiagram — exact match: true
[2026-04-07 13:06:51.426] Tool dependency OK: renderMermaidDiagram
[2026-04-07 13:06:51.427] isToolAvailable: vscode_askQuestions — exact match: true
[2026-04-07 13:06:51.427] Tool dependency OK: vscode_askQuestions
[2026-04-07 13:06:51.427] isToolAvailable: mcp_aidevops-graph → expectedServer="aidevops-graph", truncatedPrefix=(none)
[2026-04-07 13:06:51.427] isToolAvailable: mcp_aidevops-graph — fallback fullName match: false
[2026-04-07 13:06:51.427] Tool dependency DEFERRED: mcp_aidevops-graph — will watch in background
[2026-04-07 13:06:51.428] checkToolDependencies: 2/2 immediate dependencies satisfied
[2026-04-07 13:06:51.428] All immediate tool dependencies satisfied
[2026-04-07 13:06:51.428] ensureToolDependencies: watching 1 deferred tool(s): mcp_aidevops-graph
[2026-04-07 13:07:02.891] NuGet source query failed: https://msazure.pkgs.visualstudio.com/One/_packaging/AIDevOps/nuget/v3/index.json: HTTP 401 from https://msazure.pkgs.visualstudio.com/One/_packaging/AIDevOps/nuget/v3/index.json
[2026-04-07 13:07:02.893] Feed poll failed (1/3): All NuGet sources failed: https://msazure.pkgs.visualstudio.com/One/_packaging/AIDevOps/nuget/v3/index.json: HTTP 401 from https://msazure.pkgs.visualstudio.com/One/_packaging/AIDevOps/nuget/v3/index.json
[2026-04-07 13:07:36.144] isToolAvailable: mcp_aidevops-graph → expectedServer="aidevops-graph", truncatedPrefix=(none)
[2026-04-07 13:07:36.145] isToolAvailable: mcp_aidevops-graph — fallback fullName match: false
[2026-04-07 13:08:20.129] isToolAvailable: mcp_aidevops-graph → expectedServer="aidevops-graph", truncatedPrefix=(none)
[2026-04-07 13:08:20.130] isToolAvailable: mcp_aidevops-graph — fallback fullName match: false
[2026-04-07 13:08:57.620] isToolAvailable: mcp_aidevops-graph → expectedServer="aidevops-graph", truncatedPrefix=(none)
[2026-04-07 13:08:57.622] isToolAvailable: mcp_aidevops-graph — fallback fullName match: false
[2026-04-07 13:09:46.415] isToolAvailable: mcp_aidevops-graph → expectedServer="aidevops-graph", truncatedPrefix=(none)
[2026-04-07 13:09:46.416] isToolAvailable: mcp_aidevops-graph — fallback fullName match: false
[2026-04-07 13:09:46.416] ensureToolDependencies: poll #4, still waiting for: mcp_aidevops-graph
[2026-04-07 13:10:23.824] isToolAvailable: mcp_aidevops-graph → expectedServer="aidevops-graph", truncatedPrefix=(none)
[2026-04-07 13:10:23.828] isToolAvailable: mcp_aidevops-graph — fallback fullName match: false
[2026-04-07 13:11:57.238] isToolAvailable: mcp_aidevops-graph → expectedServer="aidevops-graph", truncatedPrefix=(none)
[2026-04-07 13:11:57.239] isToolAvailable: mcp_aidevops-graph — fallback fullName match: false
[2026-04-07 13:12:34.246] isToolAvailable: mcp_aidevops-graph → expectedServer="aidevops-graph", truncatedPrefix=(none)
[2026-04-07 13:12:34.247] isToolAvailable: mcp_aidevops-graph — fallback fullName match: false
[2026-04-07 13:13:04.395] isToolAvailable: mcp_aidevops-graph → expectedServer="aidevops-graph", truncatedPrefix=(none)
[2026-04-07 13:13:04.395] isToolAvailable: mcp_aidevops-graph — fallback fullName match: false
[2026-04-07 13:13:04.395] ensureToolDependencies: poll #8, still waiting for: mcp_aidevops-graph
[2026-04-07 13:13:34.617] isToolAvailable: mcp_aidevops-graph → expectedServer="aidevops-graph", truncatedPrefix=(none)
[2026-04-07 13:13:34.618] isToolAvailable: mcp_aidevops-graph — fallback fullName match: false
[2026-04-07 13:14:16.312] isToolAvailable: mcp_aidevops-graph → expectedServer="aidevops-graph", truncatedPrefix=(none)
[2026-04-07 13:14:16.315] isToolAvailable: mcp_aidevops-graph — fallback fullName match: false
[2026-04-07 13:14:46.340] isToolAvailable: mcp_aidevops-graph → expectedServer="aidevops-graph", truncatedPrefix=(none)
[2026-04-07 13:14:46.372] isToolAvailable: mcp_aidevops-graph — fallback fullName match: false
[2026-04-07 13:15:26.420] isToolAvailable: mcp_aidevops-graph → expectedServer="aidevops-graph", truncatedPrefix=(none)
[2026-04-07 13:15:26.421] isToolAvailable: mcp_aidevops-graph — fallback fullName match: false
[2026-04-07 13:15:26.421] ensureToolDependencies: poll #12, still waiting for: mcp_aidevops-graph
[2026-04-07 13:15:57.603] isToolAvailable: mcp_aidevops-graph → expectedServer="aidevops-graph", truncatedPrefix=(none)
[2026-04-07 13:15:57.603] isToolAvailable: mcp_aidevops-graph — fallback fullName match: false
[2026-04-07 13:16:29.019] isToolAvailable: mcp_aidevops-graph → expectedServer="aidevops-graph", truncatedPrefix=(none)
[2026-04-07 13:16:29.033] isToolAvailable: mcp_aidevops-graph — fallback fullName match: false
[2026-04-07 13:16:51.446] Stopped watching for deferred tools after 14 polls (mcp_aidevops-graph still not available after 10 min)
[2026-04-07 14:11:05.316] NuGet source query failed: https://msazure.pkgs.visualstudio.com/One/_packaging/AIDevOps/nuget/v3/index.json: HTTP 401 from https://msazure.pkgs.visualstudio.com/One/_packaging/AIDevOps/nuget/v3/index.json
[2026-04-07 14:11:05.318] Feed poll failed (2/3): All NuGet sources failed: https://msazure.pkgs.visualstudio.com/One/_packaging/AIDevOps/nuget/v3/index.json: HTTP 401 from https://msazure.pkgs.visualstudio.com/One/_packaging/AIDevOps/nuget/v3/index.json
