[2026-04-05 18:54:55.514] AIDevOps extension v2026.327.1727 activated
[2026-04-05 18:54:55.517] Discovered 0 AIDevOps server(s): (none)
[2026-04-05 18:54:55.517] Server instructions loaded for 0 server(s)
[2026-04-05 18:54:55.518] NuGet sources: msazure.pkgs.visualstudio.com/One/_packaging/AIDevOps/nuget/v3/index.json
[2026-04-05 18:54:55.518] Feed watcher started (30 min interval, 1 source(s))
[2026-04-05 18:54:55.522] Graph orchestration engine initialized (lazy — graphs compiled on first use)
[2026-04-05 18:55:37.504] ensureToolDependencies: starting — resolver=yes, 3 total dependencies, 1 deferred
[2026-04-05 18:55:37.506] checkToolDependencies: 102 tools available, resolver=yes, checking 3 dependencies
[2026-04-05 18:55:37.507] isToolAvailable: renderMermaidDiagram — exact match: true
[2026-04-05 18:55:37.507] Tool dependency OK: renderMermaidDiagram
[2026-04-05 18:55:37.507] isToolAvailable: vscode_askQuestions — exact match: true
[2026-04-05 18:55:37.507] Tool dependency OK: vscode_askQuestions
[2026-04-05 18:55:37.507] isToolAvailable: mcp_aidevops-graph → expectedServer="aidevops-graph", truncatedPrefix=(none)
[2026-04-05 18:55:37.507] isToolAvailable: mcp_aidevops-graph — fallback fullName match: false
[2026-04-05 18:55:37.507] Tool dependency DEFERRED: mcp_aidevops-graph — will watch in background
[2026-04-05 18:55:37.507] checkToolDependencies: 2/2 immediate dependencies satisfied
[2026-04-05 18:55:37.508] All immediate tool dependencies satisfied
[2026-04-05 18:55:37.508] ensureToolDependencies: watching 1 deferred tool(s): mcp_aidevops-graph
[2026-04-05 18:55:47.527] NuGet source query failed: https://msazure.pkgs.visualstudio.com/One/_packaging/AIDevOps/nuget/v3/index.json: HTTP 401 from https://msazure.pkgs.visualstudio.com/One/_packaging/AIDevOps/nuget/v3/index.json
[2026-04-05 18:55:47.528] Feed poll failed (1/3): All NuGet sources failed: https://msazure.pkgs.visualstudio.com/One/_packaging/AIDevOps/nuget/v3/index.json: HTTP 401 from https://msazure.pkgs.visualstudio.com/One/_packaging/AIDevOps/nuget/v3/index.json
[2026-04-05 18:56:22.712] isToolAvailable: mcp_aidevops-graph → expectedServer="aidevops-graph", truncatedPrefix=(none)
[2026-04-05 18:56:22.712] isToolAvailable: mcp_aidevops-graph — fallback fullName match: false
[2026-04-05 18:57:04.811] isToolAvailable: mcp_aidevops-graph → expectedServer="aidevops-graph", truncatedPrefix=(none)
[2026-04-05 18:57:04.811] isToolAvailable: mcp_aidevops-graph — fallback fullName match: false
[2026-04-05 18:57:43.390] isToolAvailable: mcp_aidevops-graph → expectedServer="aidevops-graph", truncatedPrefix=(none)
[2026-04-05 18:57:43.391] isToolAvailable: mcp_aidevops-graph — fallback fullName match: false
[2026-04-05 18:59:07.007] isToolAvailable: mcp_aidevops-graph → expectedServer="aidevops-graph", truncatedPrefix=(none)
[2026-04-05 18:59:07.008] isToolAvailable: mcp_aidevops-graph — fallback fullName match: false
[2026-04-05 18:59:07.008] ensureToolDependencies: poll #4, still waiting for: mcp_aidevops-graph
[2026-04-05 19:00:09.505] isToolAvailable: mcp_aidevops-graph → expectedServer="aidevops-graph", truncatedPrefix=(none)
[2026-04-05 19:00:09.505] isToolAvailable: mcp_aidevops-graph — fallback fullName match: false
[2026-04-05 19:00:44.985] isToolAvailable: mcp_aidevops-graph → expectedServer="aidevops-graph", truncatedPrefix=(none)
[2026-04-05 19:00:44.995] isToolAvailable: mcp_aidevops-graph — fallback fullName match: false
[2026-04-05 19:01:16.855] isToolAvailable: mcp_aidevops-graph → expectedServer="aidevops-graph", truncatedPrefix=(none)
[2026-04-05 19:01:16.855] isToolAvailable: mcp_aidevops-graph — fallback fullName match: false
[2026-04-05 19:01:47.630] isToolAvailable: mcp_aidevops-graph → expectedServer="aidevops-graph", truncatedPrefix=(none)
[2026-04-05 19:01:47.630] isToolAvailable: mcp_aidevops-graph — fallback fullName match: false
[2026-04-05 19:01:47.630] ensureToolDependencies: poll #8, still waiting for: mcp_aidevops-graph
[2026-04-05 19:02:26.193] isToolAvailable: mcp_aidevops-graph → expectedServer="aidevops-graph", truncatedPrefix=(none)
[2026-04-05 19:02:26.193] isToolAvailable: mcp_aidevops-graph — fallback fullName match: false
[2026-04-05 19:03:05.993] isToolAvailable: mcp_aidevops-graph → expectedServer="aidevops-graph", truncatedPrefix=(none)
[2026-04-05 19:03:06.067] isToolAvailable: mcp_aidevops-graph — fallback fullName match: false
[2026-04-05 19:03:37.121] isToolAvailable: mcp_aidevops-graph → expectedServer="aidevops-graph", truncatedPrefix=(none)
[2026-04-05 19:03:37.124] isToolAvailable: mcp_aidevops-graph — fallback fullName match: false
[2026-04-05 19:04:08.765] isToolAvailable: mcp_aidevops-graph → expectedServer="aidevops-graph", truncatedPrefix=(none)
[2026-04-05 19:04:08.766] isToolAvailable: mcp_aidevops-graph — fallback fullName match: false
[2026-04-05 19:04:08.766] ensureToolDependencies: poll #12, still waiting for: mcp_aidevops-graph
[2026-04-05 19:05:30.200] isToolAvailable: mcp_aidevops-graph → expectedServer="aidevops-graph", truncatedPrefix=(none)
[2026-04-05 19:05:30.201] isToolAvailable: mcp_aidevops-graph — fallback fullName match: false
[2026-04-05 19:05:46.902] Stopped watching for deferred tools after 13 polls (mcp_aidevops-graph still not available after 10 min)
[2026-04-05 19:25:02.572] NuGet source query failed: https://msazure.pkgs.visualstudio.com/One/_packaging/AIDevOps/nuget/v3/index.json: HTTP 401 from https://msazure.pkgs.visualstudio.com/One/_packaging/AIDevOps/nuget/v3/index.json
[2026-04-05 19:25:02.575] Feed poll failed (2/3): All NuGet sources failed: https://msazure.pkgs.visualstudio.com/One/_packaging/AIDevOps/nuget/v3/index.json: HTTP 401 from https://msazure.pkgs.visualstudio.com/One/_packaging/AIDevOps/nuget/v3/index.json
[2026-04-05 20:19:45.145] NuGet source query failed: https://msazure.pkgs.visualstudio.com/One/_packaging/AIDevOps/nuget/v3/index.json: HTTP 401 from https://msazure.pkgs.visualstudio.com/One/_packaging/AIDevOps/nuget/v3/index.json
[2026-04-05 20:19:45.146] Feed poll failed (3/3): All NuGet sources failed: https://msazure.pkgs.visualstudio.com/One/_packaging/AIDevOps/nuget/v3/index.json: HTTP 401 from https://msazure.pkgs.visualstudio.com/One/_packaging/AIDevOps/nuget/v3/index.json
[2026-04-05 20:49:47.813] NuGet source query failed: https://msazure.pkgs.visualstudio.com/One/_packaging/AIDevOps/nuget/v3/index.json: HTTP 401 from https://msazure.pkgs.visualstudio.com/One/_packaging/AIDevOps/nuget/v3/index.json
[2026-04-05 20:49:47.814] Feed poll failed (4/3): All NuGet sources failed: https://msazure.pkgs.visualstudio.com/One/_packaging/AIDevOps/nuget/v3/index.json: HTTP 401 from https://msazure.pkgs.visualstudio.com/One/_packaging/AIDevOps/nuget/v3/index.json
[2026-04-06 08:06:38.860] NuGet source query failed: https://msazure.pkgs.visualstudio.com/One/_packaging/AIDevOps/nuget/v3/index.json: HTTP 401 from https://msazure.pkgs.visualstudio.com/One/_packaging/AIDevOps/nuget/v3/index.json
[2026-04-06 08:06:38.862] Feed poll failed (5/3): All NuGet sources failed: https://msazure.pkgs.visualstudio.com/One/_packaging/AIDevOps/nuget/v3/index.json: HTTP 401 from https://msazure.pkgs.visualstudio.com/One/_packaging/AIDevOps/nuget/v3/index.json
[2026-04-06 08:44:22.725] NuGet source query failed: https://msazure.pkgs.visualstudio.com/One/_packaging/AIDevOps/nuget/v3/index.json: HTTP 401 from https://msazure.pkgs.visualstudio.com/One/_packaging/AIDevOps/nuget/v3/index.json
[2026-04-06 08:44:22.734] Feed poll failed (6/3): All NuGet sources failed: https://msazure.pkgs.visualstudio.com/One/_packaging/AIDevOps/nuget/v3/index.json: HTTP 401 from https://msazure.pkgs.visualstudio.com/One/_packaging/AIDevOps/nuget/v3/index.json
[2026-04-06 09:27:47.337] NuGet source query failed: https://msazure.pkgs.visualstudio.com/One/_packaging/AIDevOps/nuget/v3/index.json: HTTP 401 from https://msazure.pkgs.visualstudio.com/One/_packaging/AIDevOps/nuget/v3/index.json
[2026-04-06 09:27:47.346] Feed poll failed (7/3): All NuGet sources failed: https://msazure.pkgs.visualstudio.com/One/_packaging/AIDevOps/nuget/v3/index.json: HTTP 401 from https://msazure.pkgs.visualstudio.com/One/_packaging/AIDevOps/nuget/v3/index.json
[2026-04-06 09:57:33.371] NuGet source query failed: https://msazure.pkgs.visualstudio.com/One/_packaging/AIDevOps/nuget/v3/index.json: HTTP 401 from https://msazure.pkgs.visualstudio.com/One/_packaging/AIDevOps/nuget/v3/index.json
[2026-04-06 09:57:33.373] Feed poll failed (8/3): All NuGet sources failed: https://msazure.pkgs.visualstudio.com/One/_packaging/AIDevOps/nuget/v3/index.json: HTTP 401 from https://msazure.pkgs.visualstudio.com/One/_packaging/AIDevOps/nuget/v3/index.json
[2026-04-06 10:28:04.307] NuGet source query failed: https://msazure.pkgs.visualstudio.com/One/_packaging/AIDevOps/nuget/v3/index.json: HTTP 401 from https://msazure.pkgs.visualstudio.com/One/_packaging/AIDevOps/nuget/v3/index.json
[2026-04-06 10:28:04.309] Feed poll failed (9/3): All NuGet sources failed: https://msazure.pkgs.visualstudio.com/One/_packaging/AIDevOps/nuget/v3/index.json: HTTP 401 from https://msazure.pkgs.visualstudio.com/One/_packaging/AIDevOps/nuget/v3/index.json
[2026-04-06 10:57:51.515] NuGet source query failed: https://msazure.pkgs.visualstudio.com/One/_packaging/AIDevOps/nuget/v3/index.json: HTTP 401 from https://msazure.pkgs.visualstudio.com/One/_packaging/AIDevOps/nuget/v3/index.json
[2026-04-06 10:57:51.518] Feed poll failed (10/3): All NuGet sources failed: https://msazure.pkgs.visualstudio.com/One/_packaging/AIDevOps/nuget/v3/index.json: HTTP 401 from https://msazure.pkgs.visualstudio.com/One/_packaging/AIDevOps/nuget/v3/index.json
[2026-04-06 11:27:45.410] NuGet source query failed: https://msazure.pkgs.visualstudio.com/One/_packaging/AIDevOps/nuget/v3/index.json: HTTP 401 from https://msazure.pkgs.visualstudio.com/One/_packaging/AIDevOps/nuget/v3/index.json
[2026-04-06 11:27:45.431] Feed poll failed (11/3): All NuGet sources failed: https://msazure.pkgs.visualstudio.com/One/_packaging/AIDevOps/nuget/v3/index.json: HTTP 401 from https://msazure.pkgs.visualstudio.com/One/_packaging/AIDevOps/nuget/v3/index.json
[2026-04-06 12:04:21.408] NuGet source query failed: https://msazure.pkgs.visualstudio.com/One/_packaging/AIDevOps/nuget/v3/index.json: HTTP 401 from https://msazure.pkgs.visualstudio.com/One/_packaging/AIDevOps/nuget/v3/index.json
[2026-04-06 12:04:21.413] Feed poll failed (12/3): All NuGet sources failed: https://msazure.pkgs.visualstudio.com/One/_packaging/AIDevOps/nuget/v3/index.json: HTTP 401 from https://msazure.pkgs.visualstudio.com/One/_packaging/AIDevOps/nuget/v3/index.json
[2026-04-06 14:15:35.895] NuGet source query failed: https://msazure.pkgs.visualstudio.com/One/_packaging/AIDevOps/nuget/v3/index.json: HTTP 401 from https://msazure.pkgs.visualstudio.com/One/_packaging/AIDevOps/nuget/v3/index.json
[2026-04-06 14:15:35.897] Feed poll failed (13/3): All NuGet sources failed: https://msazure.pkgs.visualstudio.com/One/_packaging/AIDevOps/nuget/v3/index.json: HTTP 401 from https://msazure.pkgs.visualstudio.com/One/_packaging/AIDevOps/nuget/v3/index.json
[2026-04-06 14:45:25.618] NuGet source query failed: https://msazure.pkgs.visualstudio.com/One/_packaging/AIDevOps/nuget/v3/index.json: Feed unreachable: https://msazure.pkgs.visualstudio.com/One/_packaging/AIDevOps/nuget/v3/index.json — getaddrinfo ENOTFOUND msazure.pkgs.visualstudio.com
[2026-04-06 14:45:25.646] Feed poll failed (14/3): All NuGet sources failed: https://msazure.pkgs.visualstudio.com/One/_packaging/AIDevOps/nuget/v3/index.json: Feed unreachable: https://msazure.pkgs.visualstudio.com/One/_packaging/AIDevOps/nuget/v3/index.json — getaddrinfo ENOTFOUND msazure.pkgs.visualstudio.com
[2026-04-06 15:15:02.543] NuGet source query failed: https://msazure.pkgs.visualstudio.com/One/_packaging/AIDevOps/nuget/v3/index.json: Feed unreachable: https://msazure.pkgs.visualstudio.com/One/_packaging/AIDevOps/nuget/v3/index.json — getaddrinfo ENOTFOUND msazure.pkgs.visualstudio.com
[2026-04-06 15:15:02.544] Feed poll failed (15/3): All NuGet sources failed: https://msazure.pkgs.visualstudio.com/One/_packaging/AIDevOps/nuget/v3/index.json: Feed unreachable: https://msazure.pkgs.visualstudio.com/One/_packaging/AIDevOps/nuget/v3/index.json — getaddrinfo ENOTFOUND msazure.pkgs.visualstudio.com
[2026-04-06 15:55:07.549] NuGet source query failed: https://msazure.pkgs.visualstudio.com/One/_packaging/AIDevOps/nuget/v3/index.json: HTTP 401 from https://msazure.pkgs.visualstudio.com/One/_packaging/AIDevOps/nuget/v3/index.json
[2026-04-06 15:55:07.568] Feed poll failed (16/3): All NuGet sources failed: https://msazure.pkgs.visualstudio.com/One/_packaging/AIDevOps/nuget/v3/index.json: HTTP 401 from https://msazure.pkgs.visualstudio.com/One/_packaging/AIDevOps/nuget/v3/index.json
[2026-04-06 17:10:33.130] NuGet source query failed: https://msazure.pkgs.visualstudio.com/One/_packaging/AIDevOps/nuget/v3/index.json: HTTP 401 from https://msazure.pkgs.visualstudio.com/One/_packaging/AIDevOps/nuget/v3/index.json
[2026-04-06 17:10:33.140] Feed poll failed (17/3): All NuGet sources failed: https://msazure.pkgs.visualstudio.com/One/_packaging/AIDevOps/nuget/v3/index.json: HTTP 401 from https://msazure.pkgs.visualstudio.com/One/_packaging/AIDevOps/nuget/v3/index.json
[2026-04-06 20:01:43.599] NuGet source query failed: https://msazure.pkgs.visualstudio.com/One/_packaging/AIDevOps/nuget/v3/index.json: HTTP 401 from https://msazure.pkgs.visualstudio.com/One/_packaging/AIDevOps/nuget/v3/index.json
[2026-04-06 20:01:43.618] Feed poll failed (18/3): All NuGet sources failed: https://msazure.pkgs.visualstudio.com/One/_packaging/AIDevOps/nuget/v3/index.json: HTTP 401 from https://msazure.pkgs.visualstudio.com/One/_packaging/AIDevOps/nuget/v3/index.json
[2026-04-06 20:45:21.269] NuGet source query failed: https://msazure.pkgs.visualstudio.com/One/_packaging/AIDevOps/nuget/v3/index.json: HTTP 401 from https://msazure.pkgs.visualstudio.com/One/_packaging/AIDevOps/nuget/v3/index.json
[2026-04-06 20:45:21.280] Feed poll failed (19/3): All NuGet sources failed: https://msazure.pkgs.visualstudio.com/One/_packaging/AIDevOps/nuget/v3/index.json: HTTP 401 from https://msazure.pkgs.visualstudio.com/One/_packaging/AIDevOps/nuget/v3/index.json
[2026-04-07 06:44:31.812] NuGet source query failed: https://msazure.pkgs.visualstudio.com/One/_packaging/AIDevOps/nuget/v3/index.json: HTTP 401 from https://msazure.pkgs.visualstudio.com/One/_packaging/AIDevOps/nuget/v3/index.json
[2026-04-07 06:44:31.855] Feed poll failed (20/3): All NuGet sources failed: https://msazure.pkgs.visualstudio.com/One/_packaging/AIDevOps/nuget/v3/index.json: HTTP 401 from https://msazure.pkgs.visualstudio.com/One/_packaging/AIDevOps/nuget/v3/index.json
[2026-04-07 07:14:32.837] NuGet source query failed: https://msazure.pkgs.visualstudio.com/One/_packaging/AIDevOps/nuget/v3/index.json: HTTP 401 from https://msazure.pkgs.visualstudio.com/One/_packaging/AIDevOps/nuget/v3/index.json
[2026-04-07 07:14:32.841] Feed poll failed (21/3): All NuGet sources failed: https://msazure.pkgs.visualstudio.com/One/_packaging/AIDevOps/nuget/v3/index.json: HTTP 401 from https://msazure.pkgs.visualstudio.com/One/_packaging/AIDevOps/nuget/v3/index.json
[2026-04-07 07:44:25.691] NuGet source query failed: https://msazure.pkgs.visualstudio.com/One/_packaging/AIDevOps/nuget/v3/index.json: HTTP 401 from https://msazure.pkgs.visualstudio.com/One/_packaging/AIDevOps/nuget/v3/index.json
[2026-04-07 07:44:25.741] Feed poll failed (22/3): All NuGet sources failed: https://msazure.pkgs.visualstudio.com/One/_packaging/AIDevOps/nuget/v3/index.json: HTTP 401 from https://msazure.pkgs.visualstudio.com/One/_packaging/AIDevOps/nuget/v3/index.json
[2026-04-07 08:14:19.393] NuGet source query failed: https://msazure.pkgs.visualstudio.com/One/_packaging/AIDevOps/nuget/v3/index.json: HTTP 401 from https://msazure.pkgs.visualstudio.com/One/_packaging/AIDevOps/nuget/v3/index.json
[2026-04-07 08:14:19.621] Feed poll failed (23/3): All NuGet sources failed: https://msazure.pkgs.visualstudio.com/One/_packaging/AIDevOps/nuget/v3/index.json: HTTP 401 from https://msazure.pkgs.visualstudio.com/One/_packaging/AIDevOps/nuget/v3/index.json
