
======================================================
tfsec is joining the Trivy family

tfsec will continue to remain available 
for the time being, although our engineering 
attention will be directed at Trivy going forward.

You can read more here: 
https://github.com/aquasecurity/tfsec/discussions/1994
======================================================
WARNING: A tfvars file was found but not automatically used. Did you mean to specify the --tfvars-file flag?
[0m  [1mtimings[0m
  ──────────────────────────────────────────
[0m[0m  [2mdisk i/o            [0m 191.913503ms
[0m[0m  [2mparsing             [0m 241.876607ms
[0m[0m  [2madaptation          [0m 100.107635ms
[0m[0m  [2mchecks              [0m 34.917896ms
[0m[0m  [2mtotal               [0m 568.815641ms
[0m
[0m  [1mcounts[0m
  ──────────────────────────────────────────
[0m[0m  [2mmodules downloaded  [0m 0
[0m[0m  [2mmodules processed   [0m 5
[0m[0m  [2mblocks processed    [0m 137
[0m[0m  [2mfiles read          [0m 21
[0m
[0m  [1mresults[0m
  ──────────────────────────────────────────
[0m[0m  [2mpassed              [0m 31
[0m[0m  [2mignored             [0m 7
[0m[0m  [2mcritical            [0m 0
[0m[0m  [2mhigh                [0m 0
[0m[0m  [2mmedium              [0m 0
[0m[0m  [2mlow                 [0m 0
[0m
[0m
[32m[1mNo problems detected!

[0m